Warning[205] G:\YZH.X\NEWASMTEMPLATE.ASM 12 : Found directive in column 1. (CODE)
Warning[203] G:\YZH.X\NEWASMTEMPLATE.ASM 13 : Found opcode in column 1. (CALL)
Warning[203] G:\YZH.X\NEWASMTEMPLATE.ASM 14 : Found opcode in column 1. (MOVLW)
Warning[203] G:\YZH.X\NEWASMTEMPLATE.ASM 15 : Found opcode in column 1. (MOVWF)
Warning[203] G:\YZH.X\NEWASMTEMPLATE.ASM 17 : Found opcode in column 1. (MOVLW)
Warning[203] G:\YZH.X\NEWASMTEMPLATE.ASM 18 : Found opcode in column 1. (MOVWF)
Warning[203] G:\YZH.X\NEWASMTEMPLATE.ASM 20 : Found opcode in column 1. (MOVLW)
Warning[203] G:\YZH.X\NEWASMTEMPLATE.ASM 21 : Found opcode in column 1. (MOVWF)
Warning[205] G:\YZH.X\NEWASMTEMPLATE.ASM 24 : Found directive in column 1. (banksel)
Warning[203] G:\YZH.X\NEWASMTEMPLATE.ASM 25 : Found opcode in column 1. (CLRW)
Warning[203] G:\YZH.X\NEWASMTEMPLATE.ASM 26 : Found opcode in column 1. (ADDWF)
Warning[203] G:\YZH.X\NEWASMTEMPLATE.ASM 27 : Found opcode in column 1. (ADDWF)
Warning[203] G:\YZH.X\NEWASMTEMPLATE.ASM 28 : Found opcode in column 1. (CALL)
Warning[203] G:\YZH.X\NEWASMTEMPLATE.ASM 29 : Found opcode in column 1. (MOVWF)
Warning[203] G:\YZH.X\NEWASMTEMPLATE.ASM 31 : Found opcode in column 1. (CLRW)
Warning[203] G:\YZH.X\NEWASMTEMPLATE.ASM 32 : Found opcode in column 1. (ADDWF)
Warning[203] G:\YZH.X\NEWASMTEMPLATE.ASM 33 : Found opcode in column 1. (ADDLW)
Warning[203] G:\YZH.X\NEWASMTEMPLATE.ASM 34 : Found opcode in column 1. (MOVWF)
Warning[203] G:\YZH.X\NEWASMTEMPLATE.ASM 36 : Found opcode in column 1. (BTFSC)
Warning[203] G:\YZH.X\NEWASMTEMPLATE.ASM 37 : Found opcode in column 1. (CLRF)
Warning[205] G:\YZH.X\NEWASMTEMPLATE.ASM 39 : Found directive in column 1. (BANKSEL)
Warning[203] G:\YZH.X\NEWASMTEMPLATE.ASM 40 : Found opcode in column 1. (BCF)
Warning[203] G:\YZH.X\NEWASMTEMPLATE.ASM 41 : Found opcode in column 1. (MOVLW)
Warning[203] G:\YZH.X\NEWASMTEMPLATE.ASM 42 : Found opcode in column 1. (MOVWF)
Warning[203] G:\YZH.X\NEWASMTEMPLATE.ASM 45 : Found opcode in column 1. (CLRW)
Warning[203] G:\YZH.X\NEWASMTEMPLATE.ASM 46 : Found opcode in column 1. (ADDWF)
Warning[203] G:\YZH.X\NEWASMTEMPLATE.ASM 47 : Found opcode in column 1. (CALL)
Warning[203] G:\YZH.X\NEWASMTEMPLATE.ASM 48 : Found opcode in column 1. (MOVWF)
Warning[203] G:\YZH.X\NEWASMTEMPLATE.ASM 50 : Found opcode in column 1. (CLRW)
Warning[203] G:\YZH.X\NEWASMTEMPLATE.ASM 51 : Found opcode in column 1. (ADDWF)
Warning[203] G:\YZH.X\NEWASMTEMPLATE.ASM 52 : Found opcode in column 1. (ADDLW)
Warning[203] G:\YZH.X\NEWASMTEMPLATE.ASM 53 : Found opcode in column 1. (MOVWF)
Warning[203] G:\YZH.X\NEWASMTEMPLATE.ASM 55 : Found opcode in column 1. (BTFSC)
Warning[203] G:\YZH.X\NEWASMTEMPLATE.ASM 56 : Found opcode in column 1. (CLRF)
Warning[203] G:\YZH.X\NEWASMTEMPLATE.ASM 59 : Found opcode in column 1. (GOTO)
Warning[203] G:\YZH.X\NEWASMTEMPLATE.ASM 76 : Found opcode in column 1. (RETURN)
Message[302] G:\YZH.X\NEWASMTEMPLATE.ASM 86 : Register in operand not in bank 0.  Ensure that bank bits are correct.
Message[302] G:\YZH.X\NEWASMTEMPLATE.ASM 90 : Register in operand not in bank 0.  Ensure that bank bits are correct.
Message[302] G:\YZH.X\NEWASMTEMPLATE.ASM 94 : Register in operand not in bank 0.  Ensure that bank bits are correct.
Message[302] G:\YZH.X\NEWASMTEMPLATE.ASM 107 : Register in operand not in bank 0.  Ensure that bank bits are correct.
Message[302] G:\YZH.X\NEWASMTEMPLATE.ASM 110 : Register in operand not in bank 0.  Ensure that bank bits are correct.
Message[302] G:\YZH.X\NEWASMTEMPLATE.ASM 112 : Register in operand not in bank 0.  Ensure that bank bits are correct.
Message[302] G:\YZH.X\NEWASMTEMPLATE.ASM 121 : Register in operand not in bank 0.  Ensure that bank bits are correct.
Warning[207] G:\YZH.X\NEWASMTEMPLATE.ASM 130 : Found label after column 1. (TABLE)
Warning[203] G:\YZH.X\NEWASMTEMPLATE.ASM 147 : Found opcode in column 1. (MOVWF)
Warning[203] G:\YZH.X\NEWASMTEMPLATE.ASM 148 : Found opcode in column 1. (RETLW)
Warning[203] G:\YZH.X\NEWASMTEMPLATE.ASM 149 : Found opcode in column 1. (RETLW)
Warning[203] G:\YZH.X\NEWASMTEMPLATE.ASM 150 : Found opcode in column 1. (RETLW)
Warning[203] G:\YZH.X\NEWASMTEMPLATE.ASM 151 : Found opcode in column 1. (RETLW)
Warning[205] G:\YZH.X\NEWASMTEMPLATE.ASM 152 : Found directive in column 1. (end)
