

Microchip Technology PIC LITE Macro Assembler V1.38 build -256452561 
                                                                                               Sun Aug 26 15:41:21 2018

Microchip Technology Omniscient Code Generator v1.38 (Free mode) build 201607010351
     1                           	processor	16F1786
     2                           	opt	pw 120
     3                           	opt	lm
     4                           	psect	idataCOMMON,global,class=CODE,delta=2
     5                           	psect	stringtext,global,class=STRCODE,delta=2
     6                           	psect	cinit,global,class=CODE,merge=1,delta=2
     7                           	psect	dataCOMMON,global,class=COMMON,space=1,delta=1
     8                           	psect	bssBANK0,global,class=BANK0,space=1,delta=1
     9                           	psect	inittext,global,class=CODE,delta=2
    10                           	psect	cstackCOMMON,global,class=COMMON,space=1,delta=1
    11                           	psect	maintext,global,class=CODE,merge=1,split=1,delta=2
    12                           	psect	text1,local,class=CODE,merge=1,delta=2
    13                           	psect	text2,local,class=CODE,merge=1,delta=2
    14                           	psect	text3,local,class=CODE,merge=1,delta=2
    15                           	psect	text4,local,class=CODE,merge=1,delta=2
    16                           	psect	text5,local,class=CODE,merge=1,delta=2
    17                           	dabs	1,0x7E,2
    18  0000                     	;# 
    19  0001                     	;# 
    20  0002                     	;# 
    21  0003                     	;# 
    22  0004                     	;# 
    23  0005                     	;# 
    24  0006                     	;# 
    25  0007                     	;# 
    26  0008                     	;# 
    27  0009                     	;# 
    28  000A                     	;# 
    29  000B                     	;# 
    30  000C                     	;# 
    31  000D                     	;# 
    32  000E                     	;# 
    33  0010                     	;# 
    34  0011                     	;# 
    35  0012                     	;# 
    36  0013                     	;# 
    37  0014                     	;# 
    38  0015                     	;# 
    39  0016                     	;# 
    40  0016                     	;# 
    41  0017                     	;# 
    42  0018                     	;# 
    43  0019                     	;# 
    44  001A                     	;# 
    45  001B                     	;# 
    46  001C                     	;# 
    47  008C                     	;# 
    48  008D                     	;# 
    49  008E                     	;# 
    50  0090                     	;# 
    51  0091                     	;# 
    52  0092                     	;# 
    53  0093                     	;# 
    54  0094                     	;# 
    55  0095                     	;# 
    56  0096                     	;# 
    57  0097                     	;# 
    58  0098                     	;# 
    59  0099                     	;# 
    60  009A                     	;# 
    61  009B                     	;# 
    62  009B                     	;# 
    63  009C                     	;# 
    64  009D                     	;# 
    65  009E                     	;# 
    66  009F                     	;# 
    67  010C                     	;# 
    68  010D                     	;# 
    69  010E                     	;# 
    70  0111                     	;# 
    71  0112                     	;# 
    72  0113                     	;# 
    73  0114                     	;# 
    74  0115                     	;# 
    75  0116                     	;# 
    76  0117                     	;# 
    77  0118                     	;# 
    78  0119                     	;# 
    79  011A                     	;# 
    80  011B                     	;# 
    81  011C                     	;# 
    82  011D                     	;# 
    83  011D                     	;# 
    84  011D                     	;# 
    85  011E                     	;# 
    86  011F                     	;# 
    87  018C                     	;# 
    88  018D                     	;# 
    89  0191                     	;# 
    90  0191                     	;# 
    91  0192                     	;# 
    92  0193                     	;# 
    93  0193                     	;# 
    94  0193                     	;# 
    95  0194                     	;# 
    96  0195                     	;# 
    97  0196                     	;# 
    98  0197                     	;# 
    99  0199                     	;# 
   100  0199                     	;# 
   101  0199                     	;# 
   102  019A                     	;# 
   103  019A                     	;# 
   104  019A                     	;# 
   105  019B                     	;# 
   106  019B                     	;# 
   107  019B                     	;# 
   108  019B                     	;# 
   109  019B                     	;# 
   110  019C                     	;# 
   111  019C                     	;# 
   112  019C                     	;# 
   113  019D                     	;# 
   114  019D                     	;# 
   115  019D                     	;# 
   116  019E                     	;# 
   117  019E                     	;# 
   118  019E                     	;# 
   119  019F                     	;# 
   120  019F                     	;# 
   121  019F                     	;# 
   122  019F                     	;# 
   123  019F                     	;# 
   124  020C                     	;# 
   125  020D                     	;# 
   126  020E                     	;# 
   127  0210                     	;# 
   128  0211                     	;# 
   129  0211                     	;# 
   130  0212                     	;# 
   131  0212                     	;# 
   132  0213                     	;# 
   133  0213                     	;# 
   134  0214                     	;# 
   135  0214                     	;# 
   136  0215                     	;# 
   137  0215                     	;# 
   138  0215                     	;# 
   139  0215                     	;# 
   140  0216                     	;# 
   141  0216                     	;# 
   142  0217                     	;# 
   143  0217                     	;# 
   144  028C                     	;# 
   145  028D                     	;# 
   146  028E                     	;# 
   147  0291                     	;# 
   148  0291                     	;# 
   149  0292                     	;# 
   150  0293                     	;# 
   151  0298                     	;# 
   152  0298                     	;# 
   153  0299                     	;# 
   154  029A                     	;# 
   155  030C                     	;# 
   156  030D                     	;# 
   157  030E                     	;# 
   158  0311                     	;# 
   159  0311                     	;# 
   160  0312                     	;# 
   161  0313                     	;# 
   162  038C                     	;# 
   163  038D                     	;# 
   164  038E                     	;# 
   165  0390                     	;# 
   166  0391                     	;# 
   167  0392                     	;# 
   168  0393                     	;# 
   169  0394                     	;# 
   170  0395                     	;# 
   171  0396                     	;# 
   172  0397                     	;# 
   173  0398                     	;# 
   174  0399                     	;# 
   175  039D                     	;# 
   176  039E                     	;# 
   177  039F                     	;# 
   178  0511                     	;# 
   179  0513                     	;# 
   180  051A                     	;# 
   181  0811                     	;# 
   182  0812                     	;# 
   183  0813                     	;# 
   184  0814                     	;# 
   185  0815                     	;# 
   186  0816                     	;# 
   187  0817                     	;# 
   188  0818                     	;# 
   189  0819                     	;# 
   190  081A                     	;# 
   191  081B                     	;# 
   192  081C                     	;# 
   193  081D                     	;# 
   194  081E                     	;# 
   195  081F                     	;# 
   196  0820                     	;# 
   197  0821                     	;# 
   198  0821                     	;# 
   199  0822                     	;# 
   200  0823                     	;# 
   201  0823                     	;# 
   202  0824                     	;# 
   203  0825                     	;# 
   204  0825                     	;# 
   205  0826                     	;# 
   206  0827                     	;# 
   207  0827                     	;# 
   208  0828                     	;# 
   209  0829                     	;# 
   210  082A                     	;# 
   211  082B                     	;# 
   212  082C                     	;# 
   213  082D                     	;# 
   214  082E                     	;# 
   215  082F                     	;# 
   216  0831                     	;# 
   217  0832                     	;# 
   218  0833                     	;# 
   219  0834                     	;# 
   220  0835                     	;# 
   221  0836                     	;# 
   222  0837                     	;# 
   223  0838                     	;# 
   224  0839                     	;# 
   225  083A                     	;# 
   226  083B                     	;# 
   227  083C                     	;# 
   228  083D                     	;# 
   229  083E                     	;# 
   230  083F                     	;# 
   231  0840                     	;# 
   232  0841                     	;# 
   233  0841                     	;# 
   234  0842                     	;# 
   235  0843                     	;# 
   236  0843                     	;# 
   237  0844                     	;# 
   238  0845                     	;# 
   239  0845                     	;# 
   240  0846                     	;# 
   241  0847                     	;# 
   242  0847                     	;# 
   243  0848                     	;# 
   244  0849                     	;# 
   245  084A                     	;# 
   246  084B                     	;# 
   247  084C                     	;# 
   248  084D                     	;# 
   249  084E                     	;# 
   250  084F                     	;# 
   251  0851                     	;# 
   252  0852                     	;# 
   253  0853                     	;# 
   254  0854                     	;# 
   255  0855                     	;# 
   256  0856                     	;# 
   257  0857                     	;# 
   258  0858                     	;# 
   259  0859                     	;# 
   260  085A                     	;# 
   261  085B                     	;# 
   262  085C                     	;# 
   263  085D                     	;# 
   264  085E                     	;# 
   265  085F                     	;# 
   266  0860                     	;# 
   267  0861                     	;# 
   268  0861                     	;# 
   269  0862                     	;# 
   270  0863                     	;# 
   271  0863                     	;# 
   272  0864                     	;# 
   273  0865                     	;# 
   274  0865                     	;# 
   275  0866                     	;# 
   276  0867                     	;# 
   277  0867                     	;# 
   278  0868                     	;# 
   279  0869                     	;# 
   280  086A                     	;# 
   281  086B                     	;# 
   282  086C                     	;# 
   283  086D                     	;# 
   284  086E                     	;# 
   285  086F                     	;# 
   286  0FE4                     	;# 
   287  0FE5                     	;# 
   288  0FE6                     	;# 
   289  0FE7                     	;# 
   290  0FE8                     	;# 
   291  0FE9                     	;# 
   292  0FEA                     	;# 
   293  0FEB                     	;# 
   294  0FED                     	;# 
   295  0FEE                     	;# 
   296  0FEF                     	;# 
   297  0000                     	;# 
   298  0001                     	;# 
   299  0002                     	;# 
   300  0003                     	;# 
   301  0004                     	;# 
   302  0005                     	;# 
   303  0006                     	;# 
   304  0007                     	;# 
   305  0008                     	;# 
   306  0009                     	;# 
   307  000A                     	;# 
   308  000B                     	;# 
   309  000C                     	;# 
   310  000D                     	;# 
   311  000E                     	;# 
   312  0010                     	;# 
   313  0011                     	;# 
   314  0012                     	;# 
   315  0013                     	;# 
   316  0014                     	;# 
   317  0015                     	;# 
   318  0016                     	;# 
   319  0016                     	;# 
   320  0017                     	;# 
   321  0018                     	;# 
   322  0019                     	;# 
   323  001A                     	;# 
   324  001B                     	;# 
   325  001C                     	;# 
   326  008C                     	;# 
   327  008D                     	;# 
   328  008E                     	;# 
   329  0090                     	;# 
   330  0091                     	;# 
   331  0092                     	;# 
   332  0093                     	;# 
   333  0094                     	;# 
   334  0095                     	;# 
   335  0096                     	;# 
   336  0097                     	;# 
   337  0098                     	;# 
   338  0099                     	;# 
   339  009A                     	;# 
   340  009B                     	;# 
   341  009B                     	;# 
   342  009C                     	;# 
   343  009D                     	;# 
   344  009E                     	;# 
   345  009F                     	;# 
   346  010C                     	;# 
   347  010D                     	;# 
   348  010E                     	;# 
   349  0111                     	;# 
   350  0112                     	;# 
   351  0113                     	;# 
   352  0114                     	;# 
   353  0115                     	;# 
   354  0116                     	;# 
   355  0117                     	;# 
   356  0118                     	;# 
   357  0119                     	;# 
   358  011A                     	;# 
   359  011B                     	;# 
   360  011C                     	;# 
   361  011D                     	;# 
   362  011D                     	;# 
   363  011D                     	;# 
   364  011E                     	;# 
   365  011F                     	;# 
   366  018C                     	;# 
   367  018D                     	;# 
   368  0191                     	;# 
   369  0191                     	;# 
   370  0192                     	;# 
   371  0193                     	;# 
   372  0193                     	;# 
   373  0193                     	;# 
   374  0194                     	;# 
   375  0195                     	;# 
   376  0196                     	;# 
   377  0197                     	;# 
   378  0199                     	;# 
   379  0199                     	;# 
   380  0199                     	;# 
   381  019A                     	;# 
   382  019A                     	;# 
   383  019A                     	;# 
   384  019B                     	;# 
   385  019B                     	;# 
   386  019B                     	;# 
   387  019B                     	;# 
   388  019B                     	;# 
   389  019C                     	;# 
   390  019C                     	;# 
   391  019C                     	;# 
   392  019D                     	;# 
   393  019D                     	;# 
   394  019D                     	;# 
   395  019E                     	;# 
   396  019E                     	;# 
   397  019E                     	;# 
   398  019F                     	;# 
   399  019F                     	;# 
   400  019F                     	;# 
   401  019F                     	;# 
   402  019F                     	;# 
   403  020C                     	;# 
   404  020D                     	;# 
   405  020E                     	;# 
   406  0210                     	;# 
   407  0211                     	;# 
   408  0211                     	;# 
   409  0212                     	;# 
   410  0212                     	;# 
   411  0213                     	;# 
   412  0213                     	;# 
   413  0214                     	;# 
   414  0214                     	;# 
   415  0215                     	;# 
   416  0215                     	;# 
   417  0215                     	;# 
   418  0215                     	;# 
   419  0216                     	;# 
   420  0216                     	;# 
   421  0217                     	;# 
   422  0217                     	;# 
   423  028C                     	;# 
   424  028D                     	;# 
   425  028E                     	;# 
   426  0291                     	;# 
   427  0291                     	;# 
   428  0292                     	;# 
   429  0293                     	;# 
   430  0298                     	;# 
   431  0298                     	;# 
   432  0299                     	;# 
   433  029A                     	;# 
   434  030C                     	;# 
   435  030D                     	;# 
   436  030E                     	;# 
   437  0311                     	;# 
   438  0311                     	;# 
   439  0312                     	;# 
   440  0313                     	;# 
   441  038C                     	;# 
   442  038D                     	;# 
   443  038E                     	;# 
   444  0390                     	;# 
   445  0391                     	;# 
   446  0392                     	;# 
   447  0393                     	;# 
   448  0394                     	;# 
   449  0395                     	;# 
   450  0396                     	;# 
   451  0397                     	;# 
   452  0398                     	;# 
   453  0399                     	;# 
   454  039D                     	;# 
   455  039E                     	;# 
   456  039F                     	;# 
   457  0511                     	;# 
   458  0513                     	;# 
   459  051A                     	;# 
   460  0811                     	;# 
   461  0812                     	;# 
   462  0813                     	;# 
   463  0814                     	;# 
   464  0815                     	;# 
   465  0816                     	;# 
   466  0817                     	;# 
   467  0818                     	;# 
   468  0819                     	;# 
   469  081A                     	;# 
   470  081B                     	;# 
   471  081C                     	;# 
   472  081D                     	;# 
   473  081E                     	;# 
   474  081F                     	;# 
   475  0820                     	;# 
   476  0821                     	;# 
   477  0821                     	;# 
   478  0822                     	;# 
   479  0823                     	;# 
   480  0823                     	;# 
   481  0824                     	;# 
   482  0825                     	;# 
   483  0825                     	;# 
   484  0826                     	;# 
   485  0827                     	;# 
   486  0827                     	;# 
   487  0828                     	;# 
   488  0829                     	;# 
   489  082A                     	;# 
   490  082B                     	;# 
   491  082C                     	;# 
   492  082D                     	;# 
   493  082E                     	;# 
   494  082F                     	;# 
   495  0831                     	;# 
   496  0832                     	;# 
   497  0833                     	;# 
   498  0834                     	;# 
   499  0835                     	;# 
   500  0836                     	;# 
   501  0837                     	;# 
   502  0838                     	;# 
   503  0839                     	;# 
   504  083A                     	;# 
   505  083B                     	;# 
   506  083C                     	;# 
   507  083D                     	;# 
   508  083E                     	;# 
   509  083F                     	;# 
   510  0840                     	;# 
   511  0841                     	;# 
   512  0841                     	;# 
   513  0842                     	;# 
   514  0843                     	;# 
   515  0843                     	;# 
   516  0844                     	;# 
   517  0845                     	;# 
   518  0845                     	;# 
   519  0846                     	;# 
   520  0847                     	;# 
   521  0847                     	;# 
   522  0848                     	;# 
   523  0849                     	;# 
   524  084A                     	;# 
   525  084B                     	;# 
   526  084C                     	;# 
   527  084D                     	;# 
   528  084E                     	;# 
   529  084F                     	;# 
   530  0851                     	;# 
   531  0852                     	;# 
   532  0853                     	;# 
   533  0854                     	;# 
   534  0855                     	;# 
   535  0856                     	;# 
   536  0857                     	;# 
   537  0858                     	;# 
   538  0859                     	;# 
   539  085A                     	;# 
   540  085B                     	;# 
   541  085C                     	;# 
   542  085D                     	;# 
   543  085E                     	;# 
   544  085F                     	;# 
   545  0860                     	;# 
   546  0861                     	;# 
   547  0861                     	;# 
   548  0862                     	;# 
   549  0863                     	;# 
   550  0863                     	;# 
   551  0864                     	;# 
   552  0865                     	;# 
   553  0865                     	;# 
   554  0866                     	;# 
   555  0867                     	;# 
   556  0867                     	;# 
   557  0868                     	;# 
   558  0869                     	;# 
   559  086A                     	;# 
   560  086B                     	;# 
   561  086C                     	;# 
   562  086D                     	;# 
   563  086E                     	;# 
   564  086F                     	;# 
   565  0FE4                     	;# 
   566  0FE5                     	;# 
   567  0FE6                     	;# 
   568  0FE7                     	;# 
   569  0FE8                     	;# 
   570  0FE9                     	;# 
   571  0FEA                     	;# 
   572  0FEB                     	;# 
   573  0FED                     	;# 
   574  0FEE                     	;# 
   575  0FEF                     	;# 
   576  0000                     	;# 
   577  0001                     	;# 
   578  0002                     	;# 
   579  0003                     	;# 
   580  0004                     	;# 
   581  0005                     	;# 
   582  0006                     	;# 
   583  0007                     	;# 
   584  0008                     	;# 
   585  0009                     	;# 
   586  000A                     	;# 
   587  000B                     	;# 
   588  000C                     	;# 
   589  000D                     	;# 
   590  000E                     	;# 
   591  0010                     	;# 
   592  0011                     	;# 
   593  0012                     	;# 
   594  0013                     	;# 
   595  0014                     	;# 
   596  0015                     	;# 
   597  0016                     	;# 
   598  0016                     	;# 
   599  0017                     	;# 
   600  0018                     	;# 
   601  0019                     	;# 
   602  001A                     	;# 
   603  001B                     	;# 
   604  001C                     	;# 
   605  008C                     	;# 
   606  008D                     	;# 
   607  008E                     	;# 
   608  0090                     	;# 
   609  0091                     	;# 
   610  0092                     	;# 
   611  0093                     	;# 
   612  0094                     	;# 
   613  0095                     	;# 
   614  0096                     	;# 
   615  0097                     	;# 
   616  0098                     	;# 
   617  0099                     	;# 
   618  009A                     	;# 
   619  009B                     	;# 
   620  009B                     	;# 
   621  009C                     	;# 
   622  009D                     	;# 
   623  009E                     	;# 
   624  009F                     	;# 
   625  010C                     	;# 
   626  010D                     	;# 
   627  010E                     	;# 
   628  0111                     	;# 
   629  0112                     	;# 
   630  0113                     	;# 
   631  0114                     	;# 
   632  0115                     	;# 
   633  0116                     	;# 
   634  0117                     	;# 
   635  0118                     	;# 
   636  0119                     	;# 
   637  011A                     	;# 
   638  011B                     	;# 
   639  011C                     	;# 
   640  011D                     	;# 
   641  011D                     	;# 
   642  011D                     	;# 
   643  011E                     	;# 
   644  011F                     	;# 
   645  018C                     	;# 
   646  018D                     	;# 
   647  0191                     	;# 
   648  0191                     	;# 
   649  0192                     	;# 
   650  0193                     	;# 
   651  0193                     	;# 
   652  0193                     	;# 
   653  0194                     	;# 
   654  0195                     	;# 
   655  0196                     	;# 
   656  0197                     	;# 
   657  0199                     	;# 
   658  0199                     	;# 
   659  0199                     	;# 
   660  019A                     	;# 
   661  019A                     	;# 
   662  019A                     	;# 
   663  019B                     	;# 
   664  019B                     	;# 
   665  019B                     	;# 
   666  019B                     	;# 
   667  019B                     	;# 
   668  019C                     	;# 
   669  019C                     	;# 
   670  019C                     	;# 
   671  019D                     	;# 
   672  019D                     	;# 
   673  019D                     	;# 
   674  019E                     	;# 
   675  019E                     	;# 
   676  019E                     	;# 
   677  019F                     	;# 
   678  019F                     	;# 
   679  019F                     	;# 
   680  019F                     	;# 
   681  019F                     	;# 
   682  020C                     	;# 
   683  020D                     	;# 
   684  020E                     	;# 
   685  0210                     	;# 
   686  0211                     	;# 
   687  0211                     	;# 
   688  0212                     	;# 
   689  0212                     	;# 
   690  0213                     	;# 
   691  0213                     	;# 
   692  0214                     	;# 
   693  0214                     	;# 
   694  0215                     	;# 
   695  0215                     	;# 
   696  0215                     	;# 
   697  0215                     	;# 
   698  0216                     	;# 
   699  0216                     	;# 
   700  0217                     	;# 
   701  0217                     	;# 
   702  028C                     	;# 
   703  028D                     	;# 
   704  028E                     	;# 
   705  0291                     	;# 
   706  0291                     	;# 
   707  0292                     	;# 
   708  0293                     	;# 
   709  0298                     	;# 
   710  0298                     	;# 
   711  0299                     	;# 
   712  029A                     	;# 
   713  030C                     	;# 
   714  030D                     	;# 
   715  030E                     	;# 
   716  0311                     	;# 
   717  0311                     	;# 
   718  0312                     	;# 
   719  0313                     	;# 
   720  038C                     	;# 
   721  038D                     	;# 
   722  038E                     	;# 
   723  0390                     	;# 
   724  0391                     	;# 
   725  0392                     	;# 
   726  0393                     	;# 
   727  0394                     	;# 
   728  0395                     	;# 
   729  0396                     	;# 
   730  0397                     	;# 
   731  0398                     	;# 
   732  0399                     	;# 
   733  039D                     	;# 
   734  039E                     	;# 
   735  039F                     	;# 
   736  0511                     	;# 
   737  0513                     	;# 
   738  051A                     	;# 
   739  0811                     	;# 
   740  0812                     	;# 
   741  0813                     	;# 
   742  0814                     	;# 
   743  0815                     	;# 
   744  0816                     	;# 
   745  0817                     	;# 
   746  0818                     	;# 
   747  0819                     	;# 
   748  081A                     	;# 
   749  081B                     	;# 
   750  081C                     	;# 
   751  081D                     	;# 
   752  081E                     	;# 
   753  081F                     	;# 
   754  0820                     	;# 
   755  0821                     	;# 
   756  0821                     	;# 
   757  0822                     	;# 
   758  0823                     	;# 
   759  0823                     	;# 
   760  0824                     	;# 
   761  0825                     	;# 
   762  0825                     	;# 
   763  0826                     	;# 
   764  0827                     	;# 
   765  0827                     	;# 
   766  0828                     	;# 
   767  0829                     	;# 
   768  082A                     	;# 
   769  082B                     	;# 
   770  082C                     	;# 
   771  082D                     	;# 
   772  082E                     	;# 
   773  082F                     	;# 
   774  0831                     	;# 
   775  0832                     	;# 
   776  0833                     	;# 
   777  0834                     	;# 
   778  0835                     	;# 
   779  0836                     	;# 
   780  0837                     	;# 
   781  0838                     	;# 
   782  0839                     	;# 
   783  083A                     	;# 
   784  083B                     	;# 
   785  083C                     	;# 
   786  083D                     	;# 
   787  083E                     	;# 
   788  083F                     	;# 
   789  0840                     	;# 
   790  0841                     	;# 
   791  0841                     	;# 
   792  0842                     	;# 
   793  0843                     	;# 
   794  0843                     	;# 
   795  0844                     	;# 
   796  0845                     	;# 
   797  0845                     	;# 
   798  0846                     	;# 
   799  0847                     	;# 
   800  0847                     	;# 
   801  0848                     	;# 
   802  0849                     	;# 
   803  084A                     	;# 
   804  084B                     	;# 
   805  084C                     	;# 
   806  084D                     	;# 
   807  084E                     	;# 
   808  084F                     	;# 
   809  0851                     	;# 
   810  0852                     	;# 
   811  0853                     	;# 
   812  0854                     	;# 
   813  0855                     	;# 
   814  0856                     	;# 
   815  0857                     	;# 
   816  0858                     	;# 
   817  0859                     	;# 
   818  085A                     	;# 
   819  085B                     	;# 
   820  085C                     	;# 
   821  085D                     	;# 
   822  085E                     	;# 
   823  085F                     	;# 
   824  0860                     	;# 
   825  0861                     	;# 
   826  0861                     	;# 
   827  0862                     	;# 
   828  0863                     	;# 
   829  0863                     	;# 
   830  0864                     	;# 
   831  0865                     	;# 
   832  0865                     	;# 
   833  0866                     	;# 
   834  0867                     	;# 
   835  0867                     	;# 
   836  0868                     	;# 
   837  0869                     	;# 
   838  086A                     	;# 
   839  086B                     	;# 
   840  086C                     	;# 
   841  086D                     	;# 
   842  086E                     	;# 
   843  086F                     	;# 
   844  0FE4                     	;# 
   845  0FE5                     	;# 
   846  0FE6                     	;# 
   847  0FE7                     	;# 
   848  0FE8                     	;# 
   849  0FE9                     	;# 
   850  0FEA                     	;# 
   851  0FEB                     	;# 
   852  0FED                     	;# 
   853  0FEE                     	;# 
   854  0FEF                     	;# 
   855                           
   856                           	psect	idataCOMMON
   857  06BD                     __pidataCOMMON:	
   858                           
   859                           ;initializer for _highCount
   860  06BD  3404               	retlw	4
   861  06BE  3400               	retlw	0
   862                           
   863                           ;initializer for _key
   864  06BF  3405               	retlw	5
   865  06C0  3400               	retlw	0
   866                           
   867                           ;initializer for _lowCount
   868  06C1  3408               	retlw	8
   869  06C2  3400               	retlw	0
   870                           
   871                           ;initializer for _type
   872  06C3  3402               	retlw	2
   873  06C4  3400               	retlw	0
   874                           
   875                           	psect	stringtext
   876  0800                     __pstringtext:	
   877  0800                     _table:	
   878  0800  343F               	retlw	63
   879  0801  3400               	retlw	0
   880  0802  3406               	retlw	6
   881  0803  3400               	retlw	0
   882  0804  345B               	retlw	91
   883  0805  3400               	retlw	0
   884  0806  344F               	retlw	79
   885  0807  3400               	retlw	0
   886  0808  3466               	retlw	102
   887  0809  3400               	retlw	0
   888  080A  346D               	retlw	109
   889  080B  3400               	retlw	0
   890  080C  347D               	retlw	125
   891  080D  3400               	retlw	0
   892  080E  3407               	retlw	7
   893  080F  3400               	retlw	0
   894  0810  347F               	retlw	127
   895  0811  3400               	retlw	0
   896  0812  3467               	retlw	103
   897  0813  3400               	retlw	0
   898  0814  3480               	retlw	128
   899  0815  3400               	retlw	0
   900  0816                     __end_of_table:	
   901  000B                     _INTCON	set	11
   902  000C                     _PORTA	set	12
   903  000E                     _PORTC	set	14
   904  0068                     _RB0	set	104
   905  0069                     _RB1	set	105
   906  006A                     _RB2	set	106
   907  006B                     _RB3	set	107
   908  0095                     _OPTION_REG	set	149
   909  0099                     _OSCCON	set	153
   910  008C                     _TRISA	set	140
   911  008D                     _TRISB	set	141
   912  008E                     _TRISC	set	142
   913  018C                     _ANSELA	set	396
   914  018D                     _ANSELB	set	397
   915  020D                     _WPUB	set	525
   916                           
   917                           ; #config settings
   918  0000                     
   919                           	psect	cinit
   920  07EE                     start_initialization:	
   921  07EE                     __initialization:	
   922                           
   923                           ; Initialize objects allocated to COMMON
   924  07EE  30BD               	movlw	low __pidataCOMMON
   925  07EF  0084               	movwf	4
   926  07F0  3086               	movlw	(high __pidataCOMMON)| (0+128)
   927  07F1  0085               	movwf	5
   928  07F2  3070               	movlw	low __pdataCOMMON
   929  07F3  0086               	movwf	6
   930  07F4  3000               	movlw	high __pdataCOMMON
   931  07F5  0087               	movwf	7
   932  07F6  3008               	movlw	8
   933  07F7  3186  26B7         	fcall	init_ram
   934                           
   935                           ; Clear objects allocated to BANK0
   936  07F9  01A0               	clrf	__pbssBANK0& (0+127)
   937  07FA  01A1               	clrf	(__pbssBANK0+1)& (0+127)
   938  07FB  01A2               	clrf	(__pbssBANK0+2)& (0+127)
   939  07FC  01A3               	clrf	(__pbssBANK0+3)& (0+127)
   940  07FD                     end_of_initialization:	
   941                           ;End of C runtime variable initialization code
   942                           
   943  07FD                     __end_of__initialization:	
   944  07FD  0020               	movlb	0
   945  07FE  3186  2EC5         	ljmp	_main	;jump to C main() function
   946                           
   947                           	psect	dataCOMMON
   948  0070                     __pdataCOMMON:	
   949  0070                     _highCount:	
   950  0070                     	ds	2
   951  0072                     _key:	
   952  0072                     	ds	2
   953  0074                     _lowCount:	
   954  0074                     	ds	2
   955  0076                     _type:	
   956  0076                     	ds	2
   957                           
   958                           	psect	bssBANK0
   959  0020                     __pbssBANK0:	
   960  0020                     _oldPin:	
   961  0020                     	ds	2
   962  0022                     _pressCount:	
   963  0022                     	ds	2
   964                           
   965                           	psect	inittext
   966  06B7                     init_ram:	
   967  06B7  00FE               	movwf	126
   968  06B8                     initloop:	
   969  06B8  0012               	moviw fsr0++
   970  06B9  001E               	movwi fsr1++
   971  06BA  0BFE               	decfsz	126,f
   972  06BB  2EB8               	goto	initloop
   973  06BC  3400               	retlw	0
   974                           
   975                           	psect	cstackCOMMON
   976  0078                     __pcstackCOMMON:	
   977  0078                     ??_initDisplay:	
   978  0078                     ??_portBInit:	
   979                           ; 1 bytes @ 0x0
   980                           
   981  0078                     ??_keyMonitor:	
   982                           ; 1 bytes @ 0x0
   983                           
   984  0078                     ?_delay:	
   985                           ; 1 bytes @ 0x0
   986                           
   987  0078                     ??_delay:	
   988                           ; 1 bytes @ 0x0
   989                           
   990  0078                     ?_initDisplay:	
   991                           ; 1 bytes @ 0x0
   992                           
   993  0078                     ?_portBInit:	
   994                           ; 2 bytes @ 0x0
   995                           
   996  0078                     ?_display:	
   997                           ; 2 bytes @ 0x0
   998                           
   999  0078                     ?_keyMonitor:	
  1000                           ; 2 bytes @ 0x0
  1001                           
  1002  0078                     delay@i:	
  1003                           ; 2 bytes @ 0x0
  1004                           
  1005                           
  1006                           ; 2 bytes @ 0x0
  1007  0078                     	ds	2
  1008  007A                     ??_display:	
  1009  007A                     ?_main:	
  1010                           ; 1 bytes @ 0x2
  1011                           
  1012  007A                     main@argc:	
  1013                           ; 2 bytes @ 0x2
  1014                           
  1015                           
  1016                           ; 2 bytes @ 0x2
  1017  007A                     	ds	2
  1018  007C                     main@argv:	
  1019                           
  1020                           ; 2 bytes @ 0x4
  1021  007C                     	ds	2
  1022  007E                     ??_main:	
  1023                           
  1024                           	psect	maintext
  1025  06C5                     __pmaintext:	
  1026                           ; 1 bytes @ 0x6
  1027 ;;
  1028 ;;Main: autosize = 0, tempsize = 0, incstack = 0, save=0
  1029 ;;
  1030 ;; *************** function _main *****************
  1031 ;; Defined at:
  1032 ;;		line 40 in file "main.c"
  1033 ;; Parameters:    Size  Location     Type
  1034 ;;  argc            2    2[COMMON] int 
  1035 ;;  argv            2    4[COMMON] PTR PTR unsigned char 
  1036 ;; Auto vars:     Size  Location     Type
  1037 ;;		None
  1038 ;; Return value:  Size  Location     Type
  1039 ;;                  2    2[COMMON] int 
  1040 ;; Registers used:
  1041 ;;		wreg, fsr0l, fsr0h, status,2, status,0, pclath, cstack
  1042 ;; Tracked objects:
  1043 ;;		On entry : B1F/0
  1044 ;;		On exit  : 0/0
  1045 ;;		Unchanged: 0/0
  1046 ;; Data sizes:     COMMON   BANK0   BANK1   BANK2   BANK3   BANK4   BANK5   BANK6   BANK7   BANK8   BANK9  BANK10  BANK1
      +1  BANK12
  1047 ;;      Params:         4       0       0       0       0       0       0       0       0       0       0       0       
      +0       0
  1048 ;;      Locals:         0       0       0       0       0       0       0       0       0       0       0       0       
      +0       0
  1049 ;;      Temps:          0       0       0       0       0       0       0       0       0       0       0       0       
      +0       0
  1050 ;;      Totals:         4       0       0       0       0       0       0       0       0       0       0       0       
      +0       0
  1051 ;;Total ram usage:        4 bytes
  1052 ;; Hardware stack levels required when called:    2
  1053 ;; This function calls:
  1054 ;;		_display
  1055 ;;		_initDisplay
  1056 ;;		_keyMonitor
  1057 ;;		_portBInit
  1058 ;; This function is called by:
  1059 ;;		Startup code after reset
  1060 ;; This function uses a non-reentrant model
  1061 ;;
  1062                           
  1063                           
  1064                           ;psect for function _main
  1065  06C5                     _main:	
  1066                           
  1067                           ;main.c: 42: initDisplay();
  1068                           
  1069                           ;incstack = 0
  1070                           ; Regs used in _main: [wreg-fsr0h+status,2+status,0+pclath+cstack]
  1071  06C5  3186  26F0  3186   	fcall	_initDisplay
  1072                           
  1073                           ;main.c: 43: portBInit();
  1074  06C8  3186  26E1  3186   	fcall	_portBInit
  1075  06CB                     l710:	
  1076                           ;main.c: 45: while(1)
  1077                           
  1078                           
  1079                           ;main.c: 46: {
  1080                           ;main.c: 47: display();
  1081  06CB  3187  2701  3186   	fcall	_display
  1082                           
  1083                           ;main.c: 48: keyMonitor();
  1084  06CE  3187  274A  3186   	fcall	_keyMonitor
  1085  06D1  2ECB               	goto	l710
  1086  06D2                     __end_of_main:	
  1087                           ;main.c: 51: }
  1088                           ;main.c: 52: return (0);
  1089                           ;	Return value of _main is never used
  1090                           
  1091                           
  1092                           	psect	text1
  1093  06E1                     __ptext1:	
  1094 ;; *************** function _portBInit *****************
  1095 ;; Defined at:
  1096 ;;		line 9 in file "Keydriver.c"
  1097 ;; Parameters:    Size  Location     Type
  1098 ;;		None
  1099 ;; Auto vars:     Size  Location     Type
  1100 ;;		None
  1101 ;; Return value:  Size  Location     Type
  1102 ;;                  2    4[None  ] int 
  1103 ;; Registers used:
  1104 ;;		wreg, status,2
  1105 ;; Tracked objects:
  1106 ;;		On entry : 0/0
  1107 ;;		On exit  : 0/0
  1108 ;;		Unchanged: 0/0
  1109 ;; Data sizes:     COMMON   BANK0   BANK1   BANK2   BANK3   BANK4   BANK5   BANK6   BANK7   BANK8   BANK9  BANK10  BANK1
      +1  BANK12
  1110 ;;      Params:         0       0       0       0       0       0       0       0       0       0       0       0       
      +0       0
  1111 ;;      Locals:         0       0       0       0       0       0       0       0       0       0       0       0       
      +0       0
  1112 ;;      Temps:          0       0       0       0       0       0       0       0       0       0       0       0       
      +0       0
  1113 ;;      Totals:         0       0       0       0       0       0       0       0       0       0       0       0       
      +0       0
  1114 ;;Total ram usage:        0 bytes
  1115 ;; Hardware stack levels used:    1
  1116 ;; This function calls:
  1117 ;;		Nothing
  1118 ;; This function is called by:
  1119 ;;		_main
  1120 ;; This function uses a non-reentrant model
  1121 ;;
  1122                           
  1123                           
  1124                           ;psect for function _portBInit
  1125  06E1                     _portBInit:	
  1126                           
  1127                           ;Keydriver.c: 11: TRISB = 0xFF;
  1128                           
  1129                           ;incstack = 0
  1130                           ; Regs used in _portBInit: [wreg+status,2]
  1131  06E1  30FF               	movlw	255
  1132  06E2  0021               	movlb	1	; select bank1
  1133  06E3  008D               	movwf	13	;volatile
  1134                           
  1135                           ;Keydriver.c: 12: ANSELB = 0x00;
  1136  06E4  0023               	movlb	3	; select bank3
  1137  06E5  018D               	clrf	13	;volatile
  1138                           
  1139                           ;Keydriver.c: 14: WPUB = 0xFF;
  1140  06E6  30FF               	movlw	255
  1141  06E7  0024               	movlb	4	; select bank4
  1142  06E8  008D               	movwf	13	;volatile
  1143                           
  1144                           ;Keydriver.c: 15: OPTION_REG = OPTION_REG & 0b01111111;
  1145  06E9  0021               	movlb	1	; select bank1
  1146  06EA  0815               	movf	21,w	;volatile
  1147  06EB  397F               	andlw	127
  1148  06EC  0095               	movwf	21	;volatile
  1149                           
  1150                           ;Keydriver.c: 16: key = 0;
  1151  06ED  01F2               	clrf	_key
  1152  06EE  01F3               	clrf	_key+1
  1153  06EF  0008               	return
  1154  06F0                     __end_of_portBInit:	
  1155                           
  1156                           	psect	text2
  1157  074A                     __ptext2:	
  1158 ;; *************** function _keyMonitor *****************
  1159 ;; Defined at:
  1160 ;;		line 19 in file "Keydriver.c"
  1161 ;; Parameters:    Size  Location     Type
  1162 ;;		None
  1163 ;; Auto vars:     Size  Location     Type
  1164 ;;		None
  1165 ;; Return value:  Size  Location     Type
  1166 ;;                  2    8[None  ] int 
  1167 ;; Registers used:
  1168 ;;		wreg, status,2
  1169 ;; Tracked objects:
  1170 ;;		On entry : 0/0
  1171 ;;		On exit  : 0/0
  1172 ;;		Unchanged: 0/0
  1173 ;; Data sizes:     COMMON   BANK0   BANK1   BANK2   BANK3   BANK4   BANK5   BANK6   BANK7   BANK8   BANK9  BANK10  BANK1
      +1  BANK12
  1174 ;;      Params:         0       0       0       0       0       0       0       0       0       0       0       0       
      +0       0
  1175 ;;      Locals:         0       0       0       0       0       0       0       0       0       0       0       0       
      +0       0
  1176 ;;      Temps:          0       0       0       0       0       0       0       0       0       0       0       0       
      +0       0
  1177 ;;      Totals:         0       0       0       0       0       0       0       0       0       0       0       0       
      +0       0
  1178 ;;Total ram usage:        0 bytes
  1179 ;; Hardware stack levels used:    1
  1180 ;; This function calls:
  1181 ;;		Nothing
  1182 ;; This function is called by:
  1183 ;;		_main
  1184 ;; This function uses a non-reentrant model
  1185 ;;
  1186                           
  1187                           
  1188                           ;psect for function _keyMonitor
  1189  074A                     _keyMonitor:	
  1190                           
  1191                           ;Keydriver.c: 21: TRISB = TRISB & 0b11111110;
  1192                           
  1193                           ;incstack = 0
  1194                           ; Regs used in _keyMonitor: [wreg+status,2]
  1195  074A  0021               	movlb	1	; select bank1
  1196  074B  080D               	movf	13,w	;volatile
  1197  074C  39FE               	andlw	254
  1198  074D  008D               	movwf	13	;volatile
  1199                           
  1200                           ;Keydriver.c: 23: if(RB1 == 0)
  1201  074E  0020               	movlb	0	; select bank0
  1202  074F  188D               	btfsc	13,1	;volatile
  1203  0750  2F5D               	goto	l662
  1204                           
  1205                           ;Keydriver.c: 24: {
  1206                           ;Keydriver.c: 25: key = 0x06;
  1207  0751  3006               	movlw	6
  1208  0752  00F2               	movwf	_key
  1209  0753  3000               	movlw	0
  1210  0754  00F3               	movwf	_key+1
  1211                           
  1212                           ;Keydriver.c: 26: pressCount = 0x01;
  1213  0755  3001               	movlw	1
  1214  0756  00A2               	movwf	_pressCount
  1215  0757  3000               	movlw	0
  1216  0758  00A3               	movwf	_pressCount+1
  1217                           
  1218                           ;Keydriver.c: 27: oldPin = 0x01;
  1219  0759  3001               	movlw	1
  1220  075A  00A0               	movwf	_oldPin
  1221  075B  3000               	movlw	0
  1222  075C  00A1               	movwf	_oldPin+1
  1223  075D                     l662:	
  1224                           
  1225                           ;Keydriver.c: 28: }
  1226                           ;Keydriver.c: 31: if(RB2 == 0)
  1227  075D  190D               	btfsc	13,2	;volatile
  1228  075E  2F6B               	goto	l666
  1229                           
  1230                           ;Keydriver.c: 32: {
  1231                           ;Keydriver.c: 33: key = 0x04;
  1232  075F  3004               	movlw	4
  1233  0760  00F2               	movwf	_key
  1234  0761  3000               	movlw	0
  1235  0762  00F3               	movwf	_key+1
  1236                           
  1237                           ;Keydriver.c: 34: pressCount = 0x01;
  1238  0763  3001               	movlw	1
  1239  0764  00A2               	movwf	_pressCount
  1240  0765  3000               	movlw	0
  1241  0766  00A3               	movwf	_pressCount+1
  1242                           
  1243                           ;Keydriver.c: 35: oldPin = 0x02;
  1244  0767  3002               	movlw	2
  1245  0768  00A0               	movwf	_oldPin
  1246  0769  3000               	movlw	0
  1247  076A  00A1               	movwf	_oldPin+1
  1248  076B                     l666:	
  1249                           
  1250                           ;Keydriver.c: 36: }
  1251                           ;Keydriver.c: 39: if(RB3 == 0)
  1252  076B  198D               	btfsc	13,3	;volatile
  1253  076C  2F79               	goto	l670
  1254                           
  1255                           ;Keydriver.c: 40: {
  1256                           ;Keydriver.c: 41: key = 0x02;
  1257  076D  3002               	movlw	2
  1258  076E  00F2               	movwf	_key
  1259  076F  3000               	movlw	0
  1260  0770  00F3               	movwf	_key+1
  1261                           
  1262                           ;Keydriver.c: 42: pressCount = 0x01;
  1263  0771  3001               	movlw	1
  1264  0772  00A2               	movwf	_pressCount
  1265  0773  3000               	movlw	0
  1266  0774  00A3               	movwf	_pressCount+1
  1267                           
  1268                           ;Keydriver.c: 43: oldPin = 0x03;
  1269  0775  3003               	movlw	3
  1270  0776  00A0               	movwf	_oldPin
  1271  0777  3000               	movlw	0
  1272  0778  00A1               	movwf	_oldPin+1
  1273  0779                     l670:	
  1274                           
  1275                           ;Keydriver.c: 44: }
  1276                           ;Keydriver.c: 46: TRISB = TRISB ^ 0b00000001;
  1277  0779  0021               	movlb	1	; select bank1
  1278  077A  080D               	movf	13,w	;volatile
  1279  077B  3A01               	xorlw	1
  1280  077C  008D               	movwf	13	;volatile
  1281                           
  1282                           ;Keydriver.c: 47: TRISB = TRISB & 0b11111101;
  1283  077D  080D               	movf	13,w	;volatile
  1284  077E  39FD               	andlw	253
  1285  077F  008D               	movwf	13	;volatile
  1286                           
  1287                           ;Keydriver.c: 49: if(RB2 == 0)
  1288  0780  0020               	movlb	0	; select bank0
  1289  0781  190D               	btfsc	13,2	;volatile
  1290  0782  2F8F               	goto	l678
  1291                           
  1292                           ;Keydriver.c: 50: {
  1293                           ;Keydriver.c: 51: key = 0x03;
  1294  0783  3003               	movlw	3
  1295  0784  00F2               	movwf	_key
  1296  0785  3000               	movlw	0
  1297  0786  00F3               	movwf	_key+1
  1298                           
  1299                           ;Keydriver.c: 52: pressCount = 0x01;
  1300  0787  3001               	movlw	1
  1301  0788  00A2               	movwf	_pressCount
  1302  0789  3000               	movlw	0
  1303  078A  00A3               	movwf	_pressCount+1
  1304                           
  1305                           ;Keydriver.c: 53: oldPin = 0x02;
  1306  078B  3002               	movlw	2
  1307  078C  00A0               	movwf	_oldPin
  1308  078D  3000               	movlw	0
  1309  078E  00A1               	movwf	_oldPin+1
  1310  078F                     l678:	
  1311                           
  1312                           ;Keydriver.c: 54: }
  1313                           ;Keydriver.c: 57: if(RB3 == 0)
  1314  078F  198D               	btfsc	13,3	;volatile
  1315  0790  2F9D               	goto	l682
  1316                           
  1317                           ;Keydriver.c: 58: {
  1318                           ;Keydriver.c: 59: key = 0x01;
  1319  0791  3001               	movlw	1
  1320  0792  00F2               	movwf	_key
  1321  0793  3000               	movlw	0
  1322  0794  00F3               	movwf	_key+1
  1323                           
  1324                           ;Keydriver.c: 60: pressCount = 0x01;
  1325  0795  3001               	movlw	1
  1326  0796  00A2               	movwf	_pressCount
  1327  0797  3000               	movlw	0
  1328  0798  00A3               	movwf	_pressCount+1
  1329                           
  1330                           ;Keydriver.c: 61: oldPin = 0x03;
  1331  0799  3003               	movlw	3
  1332  079A  00A0               	movwf	_oldPin
  1333  079B  3000               	movlw	0
  1334  079C  00A1               	movwf	_oldPin+1
  1335  079D                     l682:	
  1336                           
  1337                           ;Keydriver.c: 62: }
  1338                           ;Keydriver.c: 64: TRISB = TRISB ^ 0b00000010;
  1339  079D  0021               	movlb	1	; select bank1
  1340  079E  080D               	movf	13,w	;volatile
  1341  079F  3A02               	xorlw	2
  1342  07A0  008D               	movwf	13	;volatile
  1343                           
  1344                           ;Keydriver.c: 65: TRISB = TRISB & 0b11111011;
  1345  07A1  080D               	movf	13,w	;volatile
  1346  07A2  39FB               	andlw	251
  1347  07A3  008D               	movwf	13	;volatile
  1348                           
  1349                           ;Keydriver.c: 67: if(RB3 == 0)
  1350  07A4  0020               	movlb	0	; select bank0
  1351  07A5  198D               	btfsc	13,3	;volatile
  1352  07A6  2FB3               	goto	l87
  1353                           
  1354                           ;Keydriver.c: 68: {
  1355                           ;Keydriver.c: 69: key = 0x05;
  1356  07A7  3005               	movlw	5
  1357  07A8  00F2               	movwf	_key
  1358  07A9  3000               	movlw	0
  1359  07AA  00F3               	movwf	_key+1
  1360                           
  1361                           ;Keydriver.c: 70: pressCount = 0x01;
  1362  07AB  3001               	movlw	1
  1363  07AC  00A2               	movwf	_pressCount
  1364  07AD  3000               	movlw	0
  1365  07AE  00A3               	movwf	_pressCount+1
  1366                           
  1367                           ;Keydriver.c: 71: oldPin = 0x03;
  1368  07AF  3003               	movlw	3
  1369  07B0  00A0               	movwf	_oldPin
  1370  07B1  3000               	movlw	0
  1371  07B2  00A1               	movwf	_oldPin+1
  1372  07B3                     l87:	
  1373                           
  1374                           ;Keydriver.c: 72: }
  1375                           ;Keydriver.c: 74: TRISB = 0xFF;
  1376  07B3  30FF               	movlw	255
  1377  07B4  0021               	movlb	1	; select bank1
  1378  07B5  008D               	movwf	13	;volatile
  1379                           
  1380                           ;Keydriver.c: 77: if(RB0 == 0)
  1381  07B6  0020               	movlb	0	; select bank0
  1382  07B7  180D               	btfsc	13,0	;volatile
  1383  07B8  2FC3               	goto	l696
  1384                           
  1385                           ;Keydriver.c: 78: {
  1386                           ;Keydriver.c: 79: key = 0x0A;
  1387  07B9  300A               	movlw	10
  1388  07BA  00F2               	movwf	_key
  1389  07BB  3000               	movlw	0
  1390  07BC  00F3               	movwf	_key+1
  1391                           
  1392                           ;Keydriver.c: 80: pressCount = 0x01;
  1393  07BD  3001               	movlw	1
  1394  07BE  00A2               	movwf	_pressCount
  1395  07BF  3000               	movlw	0
  1396  07C0  00A3               	movwf	_pressCount+1
  1397                           
  1398                           ;Keydriver.c: 81: oldPin = 0x00;
  1399  07C1  01A0               	clrf	_oldPin
  1400  07C2  01A1               	clrf	_oldPin+1
  1401  07C3                     l696:	
  1402                           
  1403                           ;Keydriver.c: 82: }
  1404                           ;Keydriver.c: 85: if(RB1 == 0)
  1405  07C3  188D               	btfsc	13,1	;volatile
  1406  07C4  2FD1               	goto	l700
  1407                           
  1408                           ;Keydriver.c: 86: {
  1409                           ;Keydriver.c: 87: key = 0x09;
  1410  07C5  3009               	movlw	9
  1411  07C6  00F2               	movwf	_key
  1412  07C7  3000               	movlw	0
  1413  07C8  00F3               	movwf	_key+1
  1414                           
  1415                           ;Keydriver.c: 88: pressCount = 0x01;
  1416  07C9  3001               	movlw	1
  1417  07CA  00A2               	movwf	_pressCount
  1418  07CB  3000               	movlw	0
  1419  07CC  00A3               	movwf	_pressCount+1
  1420                           
  1421                           ;Keydriver.c: 89: oldPin = 0x01;
  1422  07CD  3001               	movlw	1
  1423  07CE  00A0               	movwf	_oldPin
  1424  07CF  3000               	movlw	0
  1425  07D0  00A1               	movwf	_oldPin+1
  1426  07D1                     l700:	
  1427                           
  1428                           ;Keydriver.c: 90: }
  1429                           ;Keydriver.c: 93: if(RB2 == 0)
  1430  07D1  190D               	btfsc	13,2	;volatile
  1431  07D2  2FDF               	goto	l704
  1432                           
  1433                           ;Keydriver.c: 94: {
  1434                           ;Keydriver.c: 95: key = 0x08;
  1435  07D3  3008               	movlw	8
  1436  07D4  00F2               	movwf	_key
  1437  07D5  3000               	movlw	0
  1438  07D6  00F3               	movwf	_key+1
  1439                           
  1440                           ;Keydriver.c: 96: pressCount = 0x01;
  1441  07D7  3001               	movlw	1
  1442  07D8  00A2               	movwf	_pressCount
  1443  07D9  3000               	movlw	0
  1444  07DA  00A3               	movwf	_pressCount+1
  1445                           
  1446                           ;Keydriver.c: 97: oldPin = 0x02;
  1447  07DB  3002               	movlw	2
  1448  07DC  00A0               	movwf	_oldPin
  1449  07DD  3000               	movlw	0
  1450  07DE  00A1               	movwf	_oldPin+1
  1451  07DF                     l704:	
  1452                           
  1453                           ;Keydriver.c: 98: }
  1454                           ;Keydriver.c: 101: if(RB3 == 0)
  1455  07DF  198D               	btfsc	13,3	;volatile
  1456  07E0  0008               	return
  1457                           
  1458                           ;Keydriver.c: 102: {
  1459                           ;Keydriver.c: 103: key = 0x07;
  1460  07E1  3007               	movlw	7
  1461  07E2  00F2               	movwf	_key
  1462  07E3  3000               	movlw	0
  1463  07E4  00F3               	movwf	_key+1
  1464                           
  1465                           ;Keydriver.c: 104: pressCount = 0x01;
  1466  07E5  3001               	movlw	1
  1467  07E6  00A2               	movwf	_pressCount
  1468  07E7  3000               	movlw	0
  1469  07E8  00A3               	movwf	_pressCount+1
  1470                           
  1471                           ;Keydriver.c: 105: oldPin = 0x03;
  1472  07E9  3003               	movlw	3
  1473  07EA  00A0               	movwf	_oldPin
  1474  07EB  3000               	movlw	0
  1475  07EC  00A1               	movwf	_oldPin+1
  1476  07ED  0008               	return
  1477  07EE                     __end_of_keyMonitor:	
  1478                           
  1479                           	psect	text3
  1480  06F0                     __ptext3:	
  1481 ;; *************** function _initDisplay *****************
  1482 ;; Defined at:
  1483 ;;		line 25 in file "Display.c"
  1484 ;; Parameters:    Size  Location     Type
  1485 ;;		None
  1486 ;; Auto vars:     Size  Location     Type
  1487 ;;		None
  1488 ;; Return value:  Size  Location     Type
  1489 ;;                  2    2[None  ] int 
  1490 ;; Registers used:
  1491 ;;		wreg, status,2
  1492 ;; Tracked objects:
  1493 ;;		On entry : 0/0
  1494 ;;		On exit  : 0/0
  1495 ;;		Unchanged: 0/0
  1496 ;; Data sizes:     COMMON   BANK0   BANK1   BANK2   BANK3   BANK4   BANK5   BANK6   BANK7   BANK8   BANK9  BANK10  BANK1
      +1  BANK12
  1497 ;;      Params:         0       0       0       0       0       0       0       0       0       0       0       0       
      +0       0
  1498 ;;      Locals:         0       0       0       0       0       0       0       0       0       0       0       0       
      +0       0
  1499 ;;      Temps:          0       0       0       0       0       0       0       0       0       0       0       0       
      +0       0
  1500 ;;      Totals:         0       0       0       0       0       0       0       0       0       0       0       0       
      +0       0
  1501 ;;Total ram usage:        0 bytes
  1502 ;; Hardware stack levels used:    1
  1503 ;; This function calls:
  1504 ;;		Nothing
  1505 ;; This function is called by:
  1506 ;;		_main
  1507 ;; This function uses a non-reentrant model
  1508 ;;
  1509                           
  1510                           
  1511                           ;psect for function _initDisplay
  1512  06F0                     _initDisplay:	
  1513                           
  1514                           ;Display.c: 28: PORTA = 0x00;
  1515                           
  1516                           ;incstack = 0
  1517                           ; Regs used in _initDisplay: [wreg+status,2]
  1518  06F0  0020               	movlb	0	; select bank0
  1519  06F1  018C               	clrf	12	;volatile
  1520                           
  1521                           ;Display.c: 29: TRISA = 0x00;
  1522  06F2  0021               	movlb	1	; select bank1
  1523  06F3  018C               	clrf	12	;volatile
  1524                           
  1525                           ;Display.c: 30: ANSELA = 0x00;
  1526  06F4  0023               	movlb	3	; select bank3
  1527  06F5  018C               	clrf	12	;volatile
  1528                           
  1529                           ;Display.c: 32: PORTC = 0x00;
  1530  06F6  0020               	movlb	0	; select bank0
  1531  06F7  018E               	clrf	14	;volatile
  1532                           
  1533                           ;Display.c: 33: TRISC = 0x00;
  1534  06F8  0021               	movlb	1	; select bank1
  1535  06F9  018E               	clrf	14	;volatile
  1536                           
  1537                           ;Display.c: 35: OPTION_REG = 0x07;
  1538  06FA  3007               	movlw	7
  1539  06FB  0095               	movwf	21	;volatile
  1540                           
  1541                           ;Display.c: 36: OSCCON = 0x22;
  1542  06FC  3022               	movlw	34
  1543  06FD  0099               	movwf	25	;volatile
  1544                           
  1545                           ;Display.c: 38: INTCON = 0xA0;
  1546  06FE  30A0               	movlw	160
  1547  06FF  008B               	movwf	11	;volatile
  1548  0700  0008               	return
  1549  0701                     __end_of_initDisplay:	
  1550                           ;Display.c: 39: return;
  1551                           
  1552                           
  1553                           	psect	text4
  1554  0701                     __ptext4:	
  1555 ;; *************** function _display *****************
  1556 ;; Defined at:
  1557 ;;		line 42 in file "Display.c"
  1558 ;; Parameters:    Size  Location     Type
  1559 ;;		None
  1560 ;; Auto vars:     Size  Location     Type
  1561 ;;		None
  1562 ;; Return value:  Size  Location     Type
  1563 ;;                  2    6[None  ] int 
  1564 ;; Registers used:
  1565 ;;		wreg, fsr0l, fsr0h, status,2, status,0, pclath, cstack
  1566 ;; Tracked objects:
  1567 ;;		On entry : 0/0
  1568 ;;		On exit  : 0/0
  1569 ;;		Unchanged: 0/0
  1570 ;; Data sizes:     COMMON   BANK0   BANK1   BANK2   BANK3   BANK4   BANK5   BANK6   BANK7   BANK8   BANK9  BANK10  BANK1
      +1  BANK12
  1571 ;;      Params:         0       0       0       0       0       0       0       0       0       0       0       0       
      +0       0
  1572 ;;      Locals:         0       0       0       0       0       0       0       0       0       0       0       0       
      +0       0
  1573 ;;      Temps:          0       0       0       0       0       0       0       0       0       0       0       0       
      +0       0
  1574 ;;      Totals:         0       0       0       0       0       0       0       0       0       0       0       0       
      +0       0
  1575 ;;Total ram usage:        0 bytes
  1576 ;; Hardware stack levels used:    1
  1577 ;; Hardware stack levels required when called:    1
  1578 ;; This function calls:
  1579 ;;		_delay
  1580 ;; This function is called by:
  1581 ;;		_main
  1582 ;; This function uses a non-reentrant model
  1583 ;;
  1584                           
  1585                           
  1586                           ;psect for function _display
  1587  0701                     _display:	
  1588                           
  1589                           ;Display.c: 45: PORTC = 0xFD;
  1590                           
  1591                           ;incstack = 0
  1592                           ; Regs used in _display: [wreg-fsr0h+status,2+status,0+pclath+cstack]
  1593  0701  30FD               	movlw	253
  1594  0702  0020               	movlb	0	; select bank0
  1595  0703  008E               	movwf	14	;volatile
  1596                           
  1597                           ;Display.c: 46: delay();
  1598  0704  3186  26D2  3187   	fcall	_delay
  1599                           
  1600                           ;Display.c: 47: PORTA = table[key];
  1601  0707  0873               	movf	_key+1,w
  1602  0708  0085               	movwf	5
  1603  0709  0872               	movf	_key,w
  1604  070A  0084               	movwf	4
  1605  070B  3584               	lslf	4,f
  1606  070C  0D85               	rlf	5,f
  1607  070D  3000               	movlw	low (_table| (0+32768))
  1608  070E  0784               	addwf	4,f
  1609  070F  3088               	movlw	high (_table| (0+32768))
  1610  0710  3D85               	addwfc	5,f
  1611  0711  0800               	movf	0,w	;code access
  1612  0712  0020               	movlb	0	; select bank0
  1613  0713  008C               	movwf	12	;volatile
  1614                           
  1615                           ;Display.c: 49: PORTC = 0xFE;
  1616  0714  30FE               	movlw	254
  1617  0715  008E               	movwf	14	;volatile
  1618                           
  1619                           ;Display.c: 50: delay();
  1620  0716  3186  26D2  3187   	fcall	_delay
  1621                           
  1622                           ;Display.c: 51: PORTA = table[type];
  1623  0719  0877               	movf	_type+1,w
  1624  071A  0085               	movwf	5
  1625  071B  0876               	movf	_type,w
  1626  071C  0084               	movwf	4
  1627  071D  3584               	lslf	4,f
  1628  071E  0D85               	rlf	5,f
  1629  071F  3000               	movlw	low (_table| (0+32768))
  1630  0720  0784               	addwf	4,f
  1631  0721  3088               	movlw	high (_table| (0+32768))
  1632  0722  3D85               	addwfc	5,f
  1633  0723  0800               	movf	0,w	;code access
  1634  0724  0020               	movlb	0	; select bank0
  1635  0725  008C               	movwf	12	;volatile
  1636                           
  1637                           ;Display.c: 53: PORTC = 0xFB;
  1638  0726  30FB               	movlw	251
  1639  0727  008E               	movwf	14	;volatile
  1640                           
  1641                           ;Display.c: 54: delay();
  1642  0728  3186  26D2  3187   	fcall	_delay
  1643                           
  1644                           ;Display.c: 55: PORTA = table[highCount];
  1645  072B  0871               	movf	_highCount+1,w
  1646  072C  0085               	movwf	5
  1647  072D  0870               	movf	_highCount,w
  1648  072E  0084               	movwf	4
  1649  072F  3584               	lslf	4,f
  1650  0730  0D85               	rlf	5,f
  1651  0731  3000               	movlw	low (_table| (0+32768))
  1652  0732  0784               	addwf	4,f
  1653  0733  3088               	movlw	high (_table| (0+32768))
  1654  0734  3D85               	addwfc	5,f
  1655  0735  0800               	movf	0,w	;code access
  1656  0736  0020               	movlb	0	; select bank0
  1657  0737  008C               	movwf	12	;volatile
  1658                           
  1659                           ;Display.c: 57: PORTC = 0xF7;
  1660  0738  30F7               	movlw	247
  1661  0739  008E               	movwf	14	;volatile
  1662                           
  1663                           ;Display.c: 58: delay();
  1664  073A  3186  26D2         	fcall	_delay
  1665                           
  1666                           ;Display.c: 59: PORTA = table[lowCount];
  1667  073C  0875               	movf	_lowCount+1,w
  1668  073D  0085               	movwf	5
  1669  073E  0874               	movf	_lowCount,w
  1670  073F  0084               	movwf	4
  1671  0740  3584               	lslf	4,f
  1672  0741  0D85               	rlf	5,f
  1673  0742  3000               	movlw	low (_table| (0+32768))
  1674  0743  0784               	addwf	4,f
  1675  0744  3088               	movlw	high (_table| (0+32768))
  1676  0745  3D85               	addwfc	5,f
  1677  0746  0800               	movf	0,w	;code access
  1678  0747  0020               	movlb	0	; select bank0
  1679  0748  008C               	movwf	12	;volatile
  1680  0749  0008               	return
  1681  074A                     __end_of_display:	
  1682                           ;Display.c: 60: return;
  1683                           
  1684                           
  1685                           	psect	text5
  1686  06D2                     __ptext5:	
  1687 ;; *************** function _delay *****************
  1688 ;; Defined at:
  1689 ;;		line 63 in file "Display.c"
  1690 ;; Parameters:    Size  Location     Type
  1691 ;;		None
  1692 ;; Auto vars:     Size  Location     Type
  1693 ;;  i               2    0[COMMON] int 
  1694 ;; Return value:  Size  Location     Type
  1695 ;;                  1    wreg      void 
  1696 ;; Registers used:
  1697 ;;		wreg, status,2, status,0
  1698 ;; Tracked objects:
  1699 ;;		On entry : 0/0
  1700 ;;		On exit  : 0/0
  1701 ;;		Unchanged: 0/0
  1702 ;; Data sizes:     COMMON   BANK0   BANK1   BANK2   BANK3   BANK4   BANK5   BANK6   BANK7   BANK8   BANK9  BANK10  BANK1
      +1  BANK12
  1703 ;;      Params:         0       0       0       0       0       0       0       0       0       0       0       0       
      +0       0
  1704 ;;      Locals:         2       0       0       0       0       0       0       0       0       0       0       0       
      +0       0
  1705 ;;      Temps:          0       0       0       0       0       0       0       0       0       0       0       0       
      +0       0
  1706 ;;      Totals:         2       0       0       0       0       0       0       0       0       0       0       0       
      +0       0
  1707 ;;Total ram usage:        2 bytes
  1708 ;; Hardware stack levels used:    1
  1709 ;; This function calls:
  1710 ;;		Nothing
  1711 ;; This function is called by:
  1712 ;;		_display
  1713 ;; This function uses a non-reentrant model
  1714 ;;
  1715                           
  1716                           
  1717                           ;psect for function _delay
  1718  06D2                     _delay:	
  1719                           
  1720                           ;Display.c: 65: int i = 5;
  1721                           
  1722                           ;incstack = 0
  1723                           ; Regs used in _delay: [wreg+status,2+status,0]
  1724  06D2  3005               	movlw	5
  1725  06D3  00F8               	movwf	delay@i
  1726  06D4  3000               	movlw	0
  1727  06D5  00F9               	movwf	delay@i+1
  1728  06D6                     l554:	
  1729                           ;Display.c: 66: while(i--);
  1730                           
  1731  06D6  30FF               	movlw	255
  1732  06D7  07F8               	addwf	delay@i,f
  1733  06D8  30FF               	movlw	255
  1734  06D9  3DF9               	addwfc	delay@i+1,f
  1735  06DA  0A78               	incf	delay@i,w
  1736  06DB  1D03               	skipz
  1737  06DC  2ED6               	goto	l554
  1738  06DD  0A79               	incf	delay@i+1,w
  1739  06DE  1903               	btfsc	3,2
  1740  06DF  0008               	return
  1741  06E0  2ED6               	goto	l554
  1742  06E1                     __end_of_delay:	
  1743                           ;Display.c: 67: return;
  1744                           
  1745  007E                     btemp	set	126	;btemp
  1746  007E                     wtemp	set	126
  1747  007E                     wtemp0	set	126
  1748  0080                     wtemp1	set	128
  1749  0082                     wtemp2	set	130
  1750  0084                     wtemp3	set	132
  1751  0086                     wtemp4	set	134
  1752  0088                     wtemp5	set	136
  1753  007F                     wtemp6	set	127
  1754  007E                     ttemp	set	126
  1755  007E                     ttemp0	set	126
  1756  0081                     ttemp1	set	129
  1757  0084                     ttemp2	set	132
  1758  0087                     ttemp3	set	135
  1759  007F                     ttemp4	set	127
  1760  007E                     ltemp	set	126
  1761  007E                     ltemp0	set	126
  1762  0082                     ltemp1	set	130
  1763  0086                     ltemp2	set	134
  1764  0080                     ltemp3	set	128


Data Sizes:
    Strings     0
    Constant    22
    Data        8
    BSS         4
    Persistent  0
    Stack       0

Auto Spaces:
    Space          Size  Autos    Used
    COMMON           14      6      14
    BANK0            80      0       4
    BANK1            80      0       0
    BANK2            80      0       0
    BANK3            80      0       0
    BANK4            80      0       0
    BANK5            80      0       0
    BANK6            80      0       0
    BANK7            80      0       0
    BANK8            80      0       0
    BANK9            80      0       0
    BANK10           80      0       0
    BANK11           80      0       0
    BANK12           48      0       0

Pointer List with Targets:

    None.

Critical Paths under _main in COMMON

    _display->_delay

Critical Paths under _main in BANK0

    None.

Critical Paths under _main in BANK1

    None.

Critical Paths under _main in BANK2

    None.

Critical Paths under _main in BANK3

    None.

Critical Paths under _main in BANK4

    None.

Critical Paths under _main in BANK5

    None.

Critical Paths under _main in BANK6

    None.

Critical Paths under _main in BANK7

    None.

Critical Paths under _main in BANK8

    None.

Critical Paths under _main in BANK9

    None.

Critical Paths under _main in BANK10

    None.

Critical Paths under _main in BANK11

    None.

Critical Paths under _main in BANK12

    None.

Call Graph Tables:

 ---------------------------------------------------------------------------------
 (Depth) Function   	        Calls       Base Space   Used Autos Params    Refs
 ---------------------------------------------------------------------------------
 (0) _main                                                 4     0      4      15
                                              2 COMMON     4     0      4
                            _display
                        _initDisplay
                         _keyMonitor
                          _portBInit
 ---------------------------------------------------------------------------------
 (1) _portBInit                                            0     0      0       0
 ---------------------------------------------------------------------------------
 (1) _keyMonitor                                           0     0      0       0
 ---------------------------------------------------------------------------------
 (1) _initDisplay                                          0     0      0       0
 ---------------------------------------------------------------------------------
 (1) _display                                              0     0      0      15
                              _delay
 ---------------------------------------------------------------------------------
 (2) _delay                                                2     2      0      15
                                              0 COMMON     2     2      0
 ---------------------------------------------------------------------------------
 Estimated maximum stack depth 2
 ---------------------------------------------------------------------------------

 Call Graph Graphs:

 _main (ROOT)
   _display
     _delay
   _initDisplay
   _keyMonitor
   _portBInit

 Address spaces:
Name               Size   Autos  Total    Cost      Usage
BIGRAM             3F0      0       0       0        0.0%
EEDATA             100      0       0       0        0.0%
NULL                 0      0       0       0        0.0%
CODE                 0      0       0       0        0.0%
BITCOMMON            E      0       0       1        0.0%
BITSFR0              0      0       0       1        0.0%
SFR0                 0      0       0       1        0.0%
COMMON               E      6       E       2      100.0%
BITSFR1              0      0       0       2        0.0%
SFR1                 0      0       0       2        0.0%
BITSFR2              0      0       0       3        0.0%
SFR2                 0      0       0       3        0.0%
STACK                0      0       0       3        0.0%
BITBANK0            50      0       0       4        0.0%
BITSFR3              0      0       0       4        0.0%
SFR3                 0      0       0       4        0.0%
BANK0               50      0       4       5        5.0%
BITSFR4              0      0       0       5        0.0%
SFR4                 0      0       0       5        0.0%
BITBANK1            50      0       0       6        0.0%
BITSFR5              0      0       0       6        0.0%
SFR5                 0      0       0       6        0.0%
BANK1               50      0       0       7        0.0%
BITSFR6              0      0       0       7        0.0%
SFR6                 0      0       0       7        0.0%
BITBANK2            50      0       0       8        0.0%
BITSFR7              0      0       0       8        0.0%
SFR7                 0      0       0       8        0.0%
BANK2               50      0       0       9        0.0%
BITSFR8              0      0       0       9        0.0%
SFR8                 0      0       0       9        0.0%
BITBANK3            50      0       0      10        0.0%
BITSFR9              0      0       0      10        0.0%
SFR9                 0      0       0      10        0.0%
BANK3               50      0       0      11        0.0%
BITSFR10             0      0       0      11        0.0%
SFR10                0      0       0      11        0.0%
BITBANK4            50      0       0      12        0.0%
BITSFR11             0      0       0      12        0.0%
SFR11                0      0       0      12        0.0%
BANK4               50      0       0      13        0.0%
BITSFR12             0      0       0      13        0.0%
SFR12                0      0       0      13        0.0%
BITBANK5            50      0       0      14        0.0%
BITSFR13             0      0       0      14        0.0%
SFR13                0      0       0      14        0.0%
BANK5               50      0       0      15        0.0%
BITSFR14             0      0       0      15        0.0%
SFR14                0      0       0      15        0.0%
BITBANK6            50      0       0      16        0.0%
BITSFR15             0      0       0      16        0.0%
SFR15                0      0       0      16        0.0%
BANK6               50      0       0      17        0.0%
BITSFR16             0      0       0      17        0.0%
SFR16                0      0       0      17        0.0%
BITBANK7            50      0       0      18        0.0%
BITSFR17             0      0       0      18        0.0%
SFR17                0      0       0      18        0.0%
BANK7               50      0       0      19        0.0%
BITSFR18             0      0       0      19        0.0%
SFR18                0      0       0      19        0.0%
BITSFR19             0      0       0      20        0.0%
SFR19                0      0       0      20        0.0%
ABS                  0      0      12      20        0.0%
BITBANK8            50      0       0      21        0.0%
BITSFR20             0      0       0      21        0.0%
SFR20                0      0       0      21        0.0%
BANK8               50      0       0      22        0.0%
BITSFR21             0      0       0      22        0.0%
SFR21                0      0       0      22        0.0%
BITBANK9            50      0       0      23        0.0%
BITSFR22             0      0       0      23        0.0%
SFR22                0      0       0      23        0.0%
BANK9               50      0       0      24        0.0%
BITSFR23             0      0       0      24        0.0%
SFR23                0      0       0      24        0.0%
BITBANK10           50      0       0      25        0.0%
BITSFR24             0      0       0      25        0.0%
SFR24                0      0       0      25        0.0%
BANK10              50      0       0      26        0.0%
BITSFR25             0      0       0      26        0.0%
SFR25                0      0       0      26        0.0%
BITBANK11           50      0       0      27        0.0%
BITSFR26             0      0       0      27        0.0%
SFR26                0      0       0      27        0.0%
BANK11              50      0       0      28        0.0%
BITSFR27             0      0       0      28        0.0%
SFR27                0      0       0      28        0.0%
BITBANK12           30      0       0      29        0.0%
BITSFR28             0      0       0      29        0.0%
SFR28                0      0       0      29        0.0%
BANK12              30      0       0      30        0.0%
BITSFR29             0      0       0      30        0.0%
SFR29                0      0       0      30        0.0%
BITSFR30             0      0       0      31        0.0%
SFR30                0      0       0      31        0.0%
DATA                 0      0      12      31        0.0%
BITSFR31             0      0       0      32        0.0%
SFR31                0      0       0      32        0.0%


Microchip Technology PIC Macro Assembler V1.38 build -256452561 
Symbol Table                                                                                   Sun Aug 26 15:41:21 2018

            __CFG_CP$OFF 0000                       l87 07B3              __CFG_LVP$ON 0000  
                    l700 07D1                      l710 06CB                      l704 07DF  
                    l554 06D6                      l670 0779                      l662 075D  
                    l682 079D                      l666 076B                      l678 078F  
                    l696 07C3                      _RB0 0068                      _RB1 0069  
                    _RB2 006A                      _RB3 006B             __CFG_CPD$OFF 0000  
                    _key 0072             __CFG_BORV$LO 0000             __CFG_IESO$ON 0000  
                   _WPUB 020D             __CFG_WRT$OFF 0000            __CFG_FCMEN$ON 0000  
                   _main 06C5                     fsr0h 0005                     fsr1h 0007  
                   fsr0l 0004                     indf0 0000                     fsr1l 0006  
                   btemp 007E                     _type 0076            __CFG_BOREN$ON 0000  
                   ltemp 007E                     start 0002                     ttemp 007E  
                   wtemp 007E            __CFG_FOSC$ECH 0000            __CFG_MCLRE$ON 0000  
           ?_initDisplay 0078            __CFG_PLLEN$ON 0000                    ?_main 007A  
          __CFG_WDTE$OFF 0000                    _PORTA 000C                    _PORTC 000E  
                  _TRISA 008C                    _TRISB 008D                    _TRISC 008E  
          __CFG_PWRTE$ON 0000          __end_of_display 074A                    _delay 06D2  
                  _table 0800                    ltemp0 007E                    ltemp1 0082  
                  ltemp2 0086                    ltemp3 0080                    ttemp0 007E  
                  ttemp1 0081                    ttemp2 0084                    ttemp3 0087  
                  ttemp4 007F                    status 0003                    wtemp0 007E  
                  wtemp1 0080                    wtemp2 0082                    wtemp3 0084  
                  wtemp4 0086                    wtemp5 0088                    wtemp6 007F  
        __initialization 07EE             __end_of_main 06D2           __CFG_LPBOR$OFF 0000  
                 ??_main 007E                   ?_delay 0078                   _ANSELA 018C  
                 _ANSELB 018D                   _INTCON 000B                   _OSCCON 0099  
         __CFG_STVREN$ON 0000                   _oldPin 0020                   delay@i 0078  
              ??_display 007A             __pdataCOMMON 0070  __end_of__initialization 07FD  
         __pcstackCOMMON 0078            __end_of_delay 06E1     __size_of_initDisplay 0011  
          __end_of_table 0816                  ??_delay 0078               __pbssBANK0 0020  
        __CFG_VCAPEN$OFF 0000               __pmaintext 06C5       __size_of_portBInit 000F  
             _keyMonitor 074A                  __ptext1 06E1                  __ptext2 074A  
                __ptext3 06F0                  __ptext4 0701                  __ptext5 06D2  
                _display 0701     end_of_initialization 07FD                  init_ram 06B7  
                initloop 06B8        __end_of_portBInit 06F0             __pstringtext 0800  
             _pressCount 0022              ?_keyMonitor 0078            __pidataCOMMON 06BD  
    start_initialization 07EE            ??_initDisplay 0078                ___latbits 0002  
    __size_of_keyMonitor 00A4                _highCount 0070      __end_of_initDisplay 0701  
               ?_display 0078           __size_of_delay 000F                _portBInit 06E1  
           ??_keyMonitor 0078              _initDisplay 06F0               ?_portBInit 0078  
       __size_of_display 0049       __end_of_keyMonitor 07EE            __size_of_main 000D  
               _lowCount 0074                 main@argc 007A                 main@argv 007C  
      __CFG_CLKOUTEN$OFF 0000              ??_portBInit 0078               _OPTION_REG 0095  
